<?xml version="1.0" encoding="UTF-8"?>
<testsuite name="com.pankal.app.DemoApplicationTest" tests="1" skipped="0" failures="1" errors="0" timestamp="2018-04-24T21:00:45" hostname="MacBookPankal.fritz.box" time="0.003">
  <properties/>
  <testcase name="contextLoads" classname="com.pankal.app.DemoApplicationTest" time="0.003">
    <failure message="java.lang.IllegalStateException: Failed to load ApplicationContext" type="java.lang.IllegalStateException">java.lang.IllegalStateException: Failed to load ApplicationContext
	at org.springframework.test.context.cache.DefaultCacheAwareContextLoaderDelegate.loadContext(DefaultCacheAwareContextLoaderDelegate.java:125)
	at org.springframework.test.context.support.DefaultTestContext.getApplicationContext(DefaultTestContext.java:107)
	at org.springframework.test.context.web.ServletTestExecutionListener.setUpRequestContextIfNecessary(ServletTestExecutionListener.java:190)
	at org.springframework.test.context.web.ServletTestExecutionListener.prepareTestInstance(ServletTestExecutionListener.java:132)
	at org.springframework.test.context.TestContextManager.prepareTestInstance(TestContextManager.java:242)
	at org.springframework.test.context.junit4.SpringJUnit4ClassRunner.createTest(SpringJUnit4ClassRunner.java:227)
	at org.springframework.test.context.junit4.SpringJUnit4ClassRunner$1.runReflectiveCall(SpringJUnit4ClassRunner.java:289)
	at org.junit.internal.runners.model.ReflectiveCallable.run(ReflectiveCallable.java:12)
	at org.springframework.test.context.junit4.SpringJUnit4ClassRunner.methodBlock(SpringJUnit4ClassRunner.java:291)
	at org.springframework.test.context.junit4.SpringJUnit4ClassRunner.runChild(SpringJUnit4ClassRunner.java:246)
	at org.springframework.test.context.junit4.SpringJUnit4ClassRunner.runChild(SpringJUnit4ClassRunner.java:97)
	at org.junit.runners.ParentRunner$3.run(ParentRunner.java:290)
	at org.junit.runners.ParentRunner$1.schedule(ParentRunner.java:71)
	at org.junit.runners.ParentRunner.runChildren(ParentRunner.java:288)
	at org.junit.runners.ParentRunner.access$000(ParentRunner.java:58)
	at org.junit.runners.ParentRunner$2.evaluate(ParentRunner.java:268)
	at org.springframework.test.context.junit4.statements.RunBeforeTestClassCallbacks.evaluate(RunBeforeTestClassCallbacks.java:61)
	at org.springframework.test.context.junit4.statements.RunAfterTestClassCallbacks.evaluate(RunAfterTestClassCallbacks.java:70)
	at org.junit.runners.ParentRunner.run(ParentRunner.java:363)
	at org.springframework.test.context.junit4.SpringJUnit4ClassRunner.run(SpringJUnit4ClassRunner.java:190)
	at org.gradle.api.internal.tasks.testing.junit.JUnitTestClassExecuter.runTestClass(JUnitTestClassExecuter.java:114)
	at org.gradle.api.internal.tasks.testing.junit.JUnitTestClassExecuter.execute(JUnitTestClassExecuter.java:57)
	at org.gradle.api.internal.tasks.testing.junit.JUnitTestClassProcessor.processTestClass(JUnitTestClassProcessor.java:66)
	at org.gradle.api.internal.tasks.testing.SuiteTestClassProcessor.processTestClass(SuiteTestClassProcessor.java:51)
	at sun.reflect.NativeMethodAccessorImpl.invoke0(Native Method)
	at sun.reflect.NativeMethodAccessorImpl.invoke(NativeMethodAccessorImpl.java:62)
	at sun.reflect.DelegatingMethodAccessorImpl.invoke(DelegatingMethodAccessorImpl.java:43)
	at java.lang.reflect.Method.invoke(Method.java:498)
	at org.gradle.internal.dispatch.ReflectionDispatch.dispatch(ReflectionDispatch.java:35)
	at org.gradle.internal.dispatch.ReflectionDispatch.dispatch(ReflectionDispatch.java:24)
	at org.gradle.internal.dispatch.ContextClassLoaderDispatch.dispatch(ContextClassLoaderDispatch.java:32)
	at org.gradle.internal.dispatch.ProxyDispatchAdapter$DispatchingInvocationHandler.invoke(ProxyDispatchAdapter.java:93)
	at com.sun.proxy.$Proxy1.processTestClass(Unknown Source)
	at org.gradle.api.internal.tasks.testing.worker.TestWorker.processTestClass(TestWorker.java:108)
	at sun.reflect.NativeMethodAccessorImpl.invoke0(Native Method)
	at sun.reflect.NativeMethodAccessorImpl.invoke(NativeMethodAccessorImpl.java:62)
	at sun.reflect.DelegatingMethodAccessorImpl.invoke(DelegatingMethodAccessorImpl.java:43)
	at java.lang.reflect.Method.invoke(Method.java:498)
	at org.gradle.internal.dispatch.ReflectionDispatch.dispatch(ReflectionDispatch.java:35)
	at org.gradle.internal.dispatch.ReflectionDispatch.dispatch(ReflectionDispatch.java:24)
	at org.gradle.internal.remote.internal.hub.MessageHubBackedObjectConnection$DispatchWrapper.dispatch(MessageHubBackedObjectConnection.java:146)
	at org.gradle.internal.remote.internal.hub.MessageHubBackedObjectConnection$DispatchWrapper.dispatch(MessageHubBackedObjectConnection.java:128)
	at org.gradle.internal.remote.internal.hub.MessageHub$Handler.run(MessageHub.java:404)
	at org.gradle.internal.concurrent.ExecutorPolicy$CatchAndRecordFailures.onExecute(ExecutorPolicy.java:63)
	at org.gradle.internal.concurrent.ManagedExecutorImpl$1.run(ManagedExecutorImpl.java:46)
	at java.util.concurrent.ThreadPoolExecutor.runWorker(ThreadPoolExecutor.java:1142)
	at java.util.concurrent.ThreadPoolExecutor$Worker.run(ThreadPoolExecutor.java:617)
	at org.gradle.internal.concurrent.ThreadFactoryImpl$ManagedThreadRunnable.run(ThreadFactoryImpl.java:55)
	at java.lang.Thread.run(Thread.java:745)
Caused by: org.springframework.beans.factory.UnsatisfiedDependencyException: Error creating bean with name 'demoApplication': Unsatisfied dependency expressed through constructor parameter 0; nested exception is org.springframework.beans.factory.NoSuchBeanDefinitionException: No qualifying bean of type 'com.pankal.service.MyService' available: expected at least 1 bean which qualifies as autowire candidate. Dependency annotations: {}
	at org.springframework.beans.factory.support.ConstructorResolver.createArgumentArray(ConstructorResolver.java:729)
	at org.springframework.beans.factory.support.ConstructorResolver.autowireConstructor(ConstructorResolver.java:192)
	at org.springframework.beans.factory.support.AbstractAutowireCapableBeanFactory.autowireConstructor(AbstractAutowireCapableBeanFactory.java:1270)
	at org.springframework.beans.factory.support.AbstractAutowireCapableBeanFactory.createBeanInstance(AbstractAutowireCapableBeanFactory.java:1127)
	at org.springframework.beans.factory.support.AbstractAutowireCapableBeanFactory.doCreateBean(AbstractAutowireCapableBeanFactory.java:545)
	at org.springframework.beans.factory.support.AbstractAutowireCapableBeanFactory.createBean(AbstractAutowireCapableBeanFactory.java:502)
	at org.springframework.beans.factory.support.AbstractBeanFactory.lambda$doGetBean$0(AbstractBeanFactory.java:312)
	at org.springframework.beans.factory.support.DefaultSingletonBeanRegistry.getSingleton(DefaultSingletonBeanRegistry.java:228)
	at org.springframework.beans.factory.support.AbstractBeanFactory.doGetBean(AbstractBeanFactory.java:310)
	at org.springframework.beans.factory.support.AbstractBeanFactory.getBean(AbstractBeanFactory.java:200)
	at org.springframework.beans.factory.support.DefaultListableBeanFactory.preInstantiateSingletons(DefaultListableBeanFactory.java:760)
	at org.springframework.context.support.AbstractApplicationContext.finishBeanFactoryInitialization(AbstractApplicationContext.java:868)
	at org.springframework.context.support.AbstractApplicationContext.refresh(AbstractApplicationContext.java:549)
	at org.springframework.boot.SpringApplication.refresh(SpringApplication.java:752)
	at org.springframework.boot.SpringApplication.refreshContext(SpringApplication.java:388)
	at org.springframework.boot.SpringApplication.run(SpringApplication.java:327)
	at org.springframework.boot.test.context.SpringBootContextLoader.loadContext(SpringBootContextLoader.java:138)
	at org.springframework.test.context.cache.DefaultCacheAwareContextLoaderDelegate.loadContextInternal(DefaultCacheAwareContextLoaderDelegate.java:99)
	at org.springframework.test.context.cache.DefaultCacheAwareContextLoaderDelegate.loadContext(DefaultCacheAwareContextLoaderDelegate.java:117)
	... 48 more
Caused by: org.springframework.beans.factory.NoSuchBeanDefinitionException: No qualifying bean of type 'com.pankal.service.MyService' available: expected at least 1 bean which qualifies as autowire candidate. Dependency annotations: {}
	at org.springframework.beans.factory.support.DefaultListableBeanFactory.raiseNoMatchingBeanFound(DefaultListableBeanFactory.java:1509)
	at org.springframework.beans.factory.support.DefaultListableBeanFactory.doResolveDependency(DefaultListableBeanFactory.java:1104)
	at org.springframework.beans.factory.support.DefaultListableBeanFactory.resolveDependency(DefaultListableBeanFactory.java:1065)
	at org.springframework.beans.factory.support.ConstructorResolver.resolveAutowiredArgument(ConstructorResolver.java:815)
	at org.springframework.beans.factory.support.ConstructorResolver.createArgumentArray(ConstructorResolver.java:721)
	... 66 more
</failure>
  </testcase>
  <system-out><![CDATA[00:00:39.471 [Test worker] DEBUG org.springframework.test.context.junit4.SpringJUnit4ClassRunner - SpringJUnit4ClassRunner constructor called with [class com.pankal.app.DemoApplicationTest]
00:00:39.482 [Test worker] DEBUG org.springframework.test.context.BootstrapUtils - Instantiating CacheAwareContextLoaderDelegate from class [org.springframework.test.context.cache.DefaultCacheAwareContextLoaderDelegate]
00:00:39.496 [Test worker] DEBUG org.springframework.test.context.BootstrapUtils - Instantiating BootstrapContext using constructor [public org.springframework.test.context.support.DefaultBootstrapContext(java.lang.Class,org.springframework.test.context.CacheAwareContextLoaderDelegate)]
00:00:39.538 [Test worker] DEBUG org.springframework.test.context.BootstrapUtils - Instantiating TestContextBootstrapper for test class [com.pankal.app.DemoApplicationTest] from class [org.springframework.boot.test.context.SpringBootTestContextBootstrapper]
00:00:39.560 [Test worker] INFO org.springframework.boot.test.context.SpringBootTestContextBootstrapper - Neither @ContextConfiguration nor @ContextHierarchy found for test class [com.pankal.app.DemoApplicationTest], using SpringBootContextLoader
00:00:39.567 [Test worker] DEBUG org.springframework.test.context.support.AbstractContextLoader - Did not detect default resource location for test class [com.pankal.app.DemoApplicationTest]: class path resource [com/pankal/app/DemoApplicationTest-context.xml] does not exist
00:00:39.568 [Test worker] DEBUG org.springframework.test.context.support.AbstractContextLoader - Did not detect default resource location for test class [com.pankal.app.DemoApplicationTest]: class path resource [com/pankal/app/DemoApplicationTestContext.groovy] does not exist
00:00:39.568 [Test worker] INFO org.springframework.test.context.support.AbstractContextLoader - Could not detect default resource locations for test class [com.pankal.app.DemoApplicationTest]: no resource found for suffixes {-context.xml, Context.groovy}.
00:00:39.571 [Test worker] INFO org.springframework.test.context.support.AnnotationConfigContextLoaderUtils - Could not detect default configuration classes for test class [com.pankal.app.DemoApplicationTest]: DemoApplicationTest does not declare any static, non-private, non-final, nested classes annotated with @Configuration.
00:00:39.646 [Test worker] DEBUG org.springframework.test.context.support.ActiveProfilesUtils - Could not find an 'annotation declaring class' for annotation type [org.springframework.test.context.ActiveProfiles] and class [com.pankal.app.DemoApplicationTest]
00:00:39.696 [Test worker] DEBUG org.springframework.core.env.StandardEnvironment - Adding PropertySource 'systemProperties' with lowest search precedence
00:00:39.697 [Test worker] DEBUG org.springframework.core.env.StandardEnvironment - Adding PropertySource 'systemEnvironment' with lowest search precedence
00:00:39.697 [Test worker] DEBUG org.springframework.core.env.StandardEnvironment - Initialized StandardEnvironment with PropertySources [MapPropertySource@1444214739 {name='systemProperties', properties={java.runtime.name=Java(TM) SE Runtime Environment, sun.boot.library.path=/Library/Java/JavaVirtualMachines/jdk1.8.0_72.jdk/Contents/Home/jre/lib, java.vm.version=25.72-b15, gopherProxySet=false, java.vm.vendor=Oracle Corporation, java.vendor.url=http://java.oracle.com/, path.separator=:, java.vm.name=Java HotSpot(TM) 64-Bit Server VM, file.encoding.pkg=sun.io, sun.java.launcher=SUN_STANDARD, user.country=GR, sun.os.patch.level=unknown, java.vm.specification.name=Java Virtual Machine Specification, user.dir=/Users/pankal/development/kallisto/eshop, java.runtime.version=1.8.0_72-b15, java.awt.graphicsenv=sun.awt.CGraphicsEnvironment, java.endorsed.dirs=/Library/Java/JavaVirtualMachines/jdk1.8.0_72.jdk/Contents/Home/jre/lib/endorsed, os.arch=x86_64, java.io.tmpdir=/var/folders/_2/9_d4g1dj1m59g0l8by2wgkbc0000gn/T/, line.separator=
, java.vm.specification.vendor=Oracle Corporation, user.variant=, os.name=Mac OS X, sun.jnu.encoding=UTF-8, java.library.path=/Users/pankal/Library/Java/Extensions:/Library/Java/Extensions:/Network/Library/Java/Extensions:/System/Library/Java/Extensions:/usr/lib/java:., java.specification.name=Java Platform API Specification, java.class.version=52.0, org.gradle.native=false, sun.management.compiler=HotSpot 64-Bit Tiered Compilers, os.version=10.13.4, http.nonProxyHosts=local|*.local|169.254/16|*.169.254/16, user.home=/Users/pankal, user.timezone=Asia/Nicosia, java.awt.printerjob=sun.lwawt.macosx.CPrinterJob, file.encoding=UTF-8, java.specification.version=1.8, java.class.path=/Users/pankal/development/kallisto/eshop/build/classes/java/test:/Users/pankal/development/kallisto/eshop/build/resources/test:/Users/pankal/development/kallisto/eshop/build/classes/java/main:/Users/pankal/development/kallisto/eshop/build/resources/main:/Users/pankal/.gradle/caches/modules-2/files-2.1/org.springframework.boot/spring-boot-starter-actuator/2.0.0.RELEASE/22d7f64be5452ddad3fd0d651c818de658a18f3e/spring-boot-starter-actuator-2.0.0.RELEASE.jar:/Users/pankal/development/kallisto/kallibrary/build/libs/kallibrary-0.0.2-SNAPSHOT.jar:/Users/pankal/.gradle/caches/modules-2/files-2.1/org.springframework.boot/spring-boot-starter-web/2.0.0.RELEASE/fcb2a9e18f98382e626935841f85ed44d7153615/spring-boot-starter-web-2.0.0.RELEASE.jar:/Users/pankal/.gradle/caches/modules-2/files-2.1/org.springframework.boot/spring-boot-starter-test/2.0.0.RELEASE/4ff0e1d9bd315a4a5867e9c6128691cac8b37348/spring-boot-starter-test-2.0.0.RELEASE.jar:/Users/pankal/.gradle/caches/modules-2/files-2.1/org.springframework.boot/spring-boot-starter-json/2.0.0.RELEASE/5a09c939d8bd60d7f163c1c0c20a3127ba9fffa/spring-boot-starter-json-2.0.0.RELEASE.jar:/Users/pankal/.gradle/caches/modules-2/files-2.1/org.springframework.boot/spring-boot-starter-data-jpa/2.0.0.RELEASE/cc7bc2df046149870255d22367f8f7276eb82e98/spring-boot-starter-data-jpa-2.0.0.RELEASE.jar:/Users/pankal/.gradle/caches/modules-2/files-2.1/org.springframework.boot/spring-boot-starter-aop/2.0.0.RELEASE/9afd572ca8de272e6d919d914db5c73cd7d06ea2/spring-boot-starter-aop-2.0.0.RELEASE.jar:/Users/pankal/.gradle/caches/modules-2/files-2.1/org.springframework.boot/spring-boot-starter-jdbc/2.0.0.RELEASE/bfe586f729ed86a421a79ac1b18d4e05acd25d68/spring-boot-starter-jdbc-2.0.0.RELEASE.jar:/Users/pankal/.gradle/caches/modules-2/files-2.1/org.springframework.boot/spring-boot-starter/2.0.0.RELEASE/6d7d8e4bf053cd1833f3c7dbce676bc274f0892f/spring-boot-starter-2.0.0.RELEASE.jar:/Users/pankal/.gradle/caches/modules-2/files-2.1/org.springframework.boot/spring-boot-actuator-autoconfigure/2.0.0.RELEASE/ffaa094aef881dbb30621f6f042dcfec125ffe9/spring-boot-actuator-autoconfigure-2.0.0.RELEASE.jar:/Users/pankal/.gradle/caches/modules-2/files-2.1/io.micrometer/micrometer-core/1.0.1/698281b5829a16ddea19f3a5d4414d7ece1d3f11/micrometer-core-1.0.1.jar:/Users/pankal/.gradle/caches/modules-2/files-2.1/org.springframework.boot/spring-boot-starter-tomcat/2.0.0.RELEASE/908bc9de1a7cfa857edf44182d426f6e0d8a3008/spring-boot-starter-tomcat-2.0.0.RELEASE.jar:/Users/pankal/.gradle/caches/modules-2/files-2.1/org.hibernate.validator/hibernate-validator/6.0.7.Final/8b9d9c7ec8c73963ea0fe81912fc67711a4ef76/hibernate-validator-6.0.7.Final.jar:/Users/pankal/.gradle/caches/modules-2/files-2.1/org.springframework/spring-webmvc/5.0.4.RELEASE/addcf1caa22613c474bd6dde8c7134fef940b1f0/spring-webmvc-5.0.4.RELEASE.jar:/Users/pankal/.gradle/caches/modules-2/files-2.1/org.springframework/spring-web/5.0.4.RELEASE/9565bbc67bf1a850a6505deaa5103931712a7b80/spring-web-5.0.4.RELEASE.jar:/Users/pankal/.gradle/caches/modules-2/files-2.1/org.hsqldb/hsqldb/2.4.0/195957160ed990dbc798207c0d577280d9919208/hsqldb-2.4.0.jar:/Users/pankal/.gradle/caches/modules-2/files-2.1/org.postgresql/postgresql/42.2.1/b7f61848ac43ae9fa6e38935bfd75628b7fc9086/postgresql-42.2.1.jar:/Users/pankal/.gradle/caches/modules-2/files-2.1/org.springframework.boot/spring-boot-test-autoconfigure/2.0.0.RELEASE/db0595321e96929d9473cf061f3408972d03c6aa/spring-boot-test-autoconfigure-2.0.0.RELEASE.jar:/Users/pankal/.gradle/caches/modules-2/files-2.1/org.springframework.boot/spring-boot-test/2.0.0.RELEASE/1565e78c2801bd3c7ece0a8ddc08e5ed53676878/spring-boot-test-2.0.0.RELEASE.jar:/Users/pankal/.gradle/caches/modules-2/files-2.1/com.jayway.jsonpath/json-path/2.4.0/765a4401ceb2dc8d40553c2075eb80a8fa35c2ae/json-path-2.4.0.jar:/Users/pankal/.gradle/caches/modules-2/files-2.1/junit/junit/4.12/2973d150c0dc1fefe998f834810d68f278ea58ec/junit-4.12.jar:/Users/pankal/.gradle/caches/modules-2/files-2.1/org.assertj/assertj-core/3.9.1/c5ce126b15f28d56cd8f960c1a6a058b9c9aea87/assertj-core-3.9.1.jar:/Users/pankal/.gradle/caches/modules-2/files-2.1/org.mockito/mockito-core/2.15.0/b84bfbbc29cd22c9529409627af6ea2897f4fa85/mockito-core-2.15.0.jar:/Users/pankal/.gradle/caches/modules-2/files-2.1/org.hamcrest/hamcrest-library/1.3/4785a3c21320980282f9f33d0d1264a69040538f/hamcrest-library-1.3.jar:/Users/pankal/.gradle/caches/modules-2/files-2.1/org.hamcrest/hamcrest-core/1.3/42a25dc3219429f0e5d060061f71acb49bf010a0/hamcrest-core-1.3.jar:/Users/pankal/.gradle/caches/modules-2/files-2.1/org.skyscreamer/jsonassert/1.5.0/6c9d5fe2f59da598d9aefc1cfc6528ff3cf32df3/jsonassert-1.5.0.jar:/Users/pankal/.gradle/caches/modules-2/files-2.1/org.springframework/spring-test/5.0.4.RELEASE/3fc10b6535a113593fa8780951465012a7677e21/spring-test-5.0.4.RELEASE.jar:/Users/pankal/.gradle/caches/modules-2/files-2.1/org.springframework.boot/spring-boot-autoconfigure/2.0.0.RELEASE/c89896a469ecf92996ecba40755919896ace5470/spring-boot-autoconfigure-2.0.0.RELEASE.jar:/Users/pankal/.gradle/caches/modules-2/files-2.1/org.springframework.boot/spring-boot-actuator/2.0.0.RELEASE/309a5d45b09e361d29c9e7d1def644d70a50173b/spring-boot-actuator-2.0.0.RELEASE.jar:/Users/pankal/.gradle/caches/modules-2/files-2.1/org.springframework.boot/spring-boot/2.0.0.RELEASE/771da2071ff14a47f108642a641c204ae4ef7b15/spring-boot-2.0.0.RELEASE.jar:/Users/pankal/.gradle/caches/modules-2/files-2.1/org.springframework.data/spring-data-jpa/2.0.5.RELEASE/51b2e315174e32b4c8a4841a147002555add076c/spring-data-jpa-2.0.5.RELEASE.jar:/Users/pankal/.gradle/caches/modules-2/files-2.1/org.springframework/spring-context/5.0.4.RELEASE/3e76d08c851113077642c5704f0f94d5ce58e905/spring-context-5.0.4.RELEASE.jar:/Users/pankal/.gradle/caches/modules-2/files-2.1/org.springframework/spring-aop/5.0.4.RELEASE/f8e029e54c0267dadb6b9f713f3feb54ec4f3a0e/spring-aop-5.0.4.RELEASE.jar:/Users/pankal/.gradle/caches/modules-2/files-2.1/org.springframework/spring-orm/5.0.4.RELEASE/dc83e08ecdb4ab28339f87358b53d75b4a8d1b9/spring-orm-5.0.4.RELEASE.jar:/Users/pankal/.gradle/caches/modules-2/files-2.1/org.springframework/spring-jdbc/5.0.4.RELEASE/6b5ac0db11d81d6319ebd0bb253b2f01713df3ab/spring-jdbc-5.0.4.RELEASE.jar:/Users/pankal/.gradle/caches/modules-2/files-2.1/org.springframework.data/spring-data-commons/2.0.5.RELEASE/f5357c650f63f3a187d3d4086a9e9132f33851a6/spring-data-commons-2.0.5.RELEASE.jar:/Users/pankal/.gradle/caches/modules-2/files-2.1/org.springframework/spring-tx/5.0.4.RELEASE/7afc193c5d2b812ee6d2ccaf6fcc81fb83bfb4a7/spring-tx-5.0.4.RELEASE.jar:/Users/pankal/.gradle/caches/modules-2/files-2.1/org.springframework/spring-beans/5.0.4.RELEASE/7a8c3d48d4c33621e64d1399721d8e067450fcbd/spring-beans-5.0.4.RELEASE.jar:/Users/pankal/.gradle/caches/modules-2/files-2.1/org.springframework/spring-expression/5.0.4.RELEASE/4bda161f2e34c1486f2527a23eb47293567f473c/spring-expression-5.0.4.RELEASE.jar:/Users/pankal/.gradle/caches/modules-2/files-2.1/org.springframework/spring-core/5.0.4.RELEASE/2221a957b5561a34f044350ba4e30ef5870254a3/spring-core-5.0.4.RELEASE.jar:/Users/pankal/.gradle/caches/modules-2/files-2.1/org.xmlunit/xmlunit-core/2.5.1/4ffdb346572a7356f7521cd3119ce5287d2e339d/xmlunit-core-2.5.1.jar:/Users/pankal/.gradle/caches/modules-2/files-2.1/org.springframework.boot/spring-boot-starter-logging/2.0.0.RELEASE/fe939b71659ef1f98a53cce0b5bcf771685cf6a6/spring-boot-starter-logging-2.0.0.RELEASE.jar:/Users/pankal/.gradle/caches/modules-2/files-2.1/javax.annotation/javax.annotation-api/1.3.2/934c04d3cfef185a8008e7bf34331b79730a9d43/javax.annotation-api-1.3.2.jar:/Users/pankal/.gradle/caches/modules-2/files-2.1/org.yaml/snakeyaml/1.19/2d998d3d674b172a588e54ab619854d073f555b5/snakeyaml-1.19.jar:/Users/pankal/.gradle/caches/modules-2/files-2.1/com.fasterxml.jackson.datatype/jackson-datatype-jsr310/2.9.4/12d52679a6615c7972ea25bd8ebb60b191fe79b7/jackson-datatype-jsr310-2.9.4.jar:/Users/pankal/.gradle/caches/modules-2/files-2.1/com.fasterxml.jackson.datatype/jackson-datatype-jdk8/2.9.4/63ac052d52a70a15820d3dc07ea757826fd51d40/jackson-datatype-jdk8-2.9.4.jar:/Users/pankal/.gradle/caches/modules-2/files-2.1/com.fasterxml.jackson.module/jackson-module-parameter-names/2.9.4/5833c819877c3e85bad847f4d2fa4e70379217c6/jackson-module-parameter-names-2.9.4.jar:/Users/pankal/.gradle/caches/modules-2/files-2.1/com.fasterxml.jackson.core/jackson-databind/2.9.4/498bbc3b94f566982c7f7c6d4d303fce365529be/jackson-databind-2.9.4.jar:/Users/pankal/.gradle/caches/modules-2/files-2.1/org.hdrhistogram/HdrHistogram/2.1.10/9e1ac84eed220281841b75e72fb9de5a297fbf04/HdrHistogram-2.1.10.jar:/Users/pankal/.gradle/caches/modules-2/files-2.1/org.latencyutils/LatencyUtils/2.0.3/769c0b82cb2421c8256300e907298a9410a2a3d3/LatencyUtils-2.0.3.jar:/Users/pankal/.gradle/caches/modules-2/files-2.1/org.apache.tomcat.embed/tomcat-embed-websocket/8.5.28/8a5a48740dd80cad644ceb541e77fd8e0809e3b7/tomcat-embed-websocket-8.5.28.jar:/Users/pankal/.gradle/caches/modules-2/files-2.1/org.apache.tomcat.embed/tomcat-embed-core/8.5.28/b684c98cf77c6528079c4e59fc1feeb218bf82f1/tomcat-embed-core-8.5.28.jar:/Users/pankal/.gradle/caches/modules-2/files-2.1/org.apache.tomcat.embed/tomcat-embed-el/8.5.28/75745598f60646ccf0c4b105468a9c8be9b8432e/tomcat-embed-el-8.5.28.jar:/Users/pankal/.gradle/caches/modules-2/files-2.1/javax.validation/validation-api/2.0.1.Final/cb855558e6271b1b32e716d24cb85c7f583ce09e/validation-api-2.0.1.Final.jar:/Users/pankal/.gradle/caches/modules-2/files-2.1/org.hibernate/hibernate-core/5.2.14.Final/2132ad4a9fa5088156469ec85306afe574bb8c24/hibernate-core-5.2.14.Final.jar:/Users/pankal/.gradle/caches/modules-2/files-2.1/org.hibernate.common/hibernate-commons-annotations/5.0.1.Final/71e1cff3fcb20d3b3af4f3363c3ddb24d33c6879/hibernate-commons-annotations-5.0.1.Final.jar:/Users/pankal/.gradle/caches/modules-2/files-2.1/org.jboss.logging/jboss-logging/3.3.2.Final/3789d00e859632e6c6206adc0c71625559e6e3b0/jboss-logging-3.3.2.Final.jar:/Users/pankal/.gradle/caches/modules-2/files-2.1/com.fasterxml/classmate/1.3.4/3d5f48f10bbe4eb7bd862f10c0583be2e0053c6/classmate-1.3.4.jar:/Users/pankal/.gradle/caches/modules-2/files-2.1/javax.transaction/javax.transaction-api/1.2/d81aff979d603edd90dcd8db2abc1f4ce6479e3e/javax.transaction-api-1.2.jar:/Users/pankal/.gradle/caches/modules-2/files-2.1/org.springframework/spring-aspects/5.0.4.RELEASE/454ee13fc4f439065572dd526e81c699d1d61e3e/spring-aspects-5.0.4.RELEASE.jar:/Users/pankal/.gradle/caches/modules-2/files-2.1/net.minidev/json-smart/2.3/7396407491352ce4fa30de92efb158adb76b5b/json-smart-2.3.jar:/Users/pankal/.gradle/caches/modules-2/files-2.1/ch.qos.logback/logback-classic/1.2.3/7c4f3c474fb2c041d8028740440937705ebb473a/logback-classic-1.2.3.jar:/Users/pankal/.gradle/caches/modules-2/files-2.1/org.apache.logging.log4j/log4j-to-slf4j/2.10.0/f7e631ccf49cfc0aefa4a2a728da7d374c05bd3c/log4j-to-slf4j-2.10.0.jar:/Users/pankal/.gradle/caches/modules-2/files-2.1/org.slf4j/jul-to-slf4j/1.7.25/af5364cd6679bfffb114f0dec8a157aaa283b76/jul-to-slf4j-1.7.25.jar:/Users/pankal/.gradle/caches/modules-2/files-2.1/com.zaxxer/HikariCP/2.7.8/4a3a604fa2efa89621aa498d04e000b2bed90c39/HikariCP-2.7.8.jar:/Users/pankal/.gradle/caches/modules-2/files-2.1/org.slf4j/slf4j-api/1.7.25/da76ca59f6a57ee3102f8f9bd9cee742973efa8a/slf4j-api-1.7.25.jar:/Users/pankal/.gradle/caches/modules-2/files-2.1/net.bytebuddy/byte-buddy/1.7.10/3c8ec287c0a5bd04b1e3f11723bc46a50346602b/byte-buddy-1.7.10.jar:/Users/pankal/.gradle/caches/modules-2/files-2.1/net.bytebuddy/byte-buddy-agent/1.7.10/9b092a8fb9112b89f6cb23fc929cfb931b14007b/byte-buddy-agent-1.7.10.jar:/Users/pankal/.gradle/caches/modules-2/files-2.1/org.objenesis/objenesis/2.6/639033469776fd37c08358c6b92a4761feb2af4b/objenesis-2.6.jar:/Users/pankal/.gradle/caches/modules-2/files-2.1/com.vaadin.external.google/android-json/0.0.20131108.vaadin1/fa26d351fe62a6a17f5cda1287c1c6110dec413f/android-json-0.0.20131108.vaadin1.jar:/Users/pankal/.gradle/caches/modules-2/files-2.1/org.springframework/spring-jcl/5.0.4.RELEASE/3053e2bad0a18571bdbb9596ce51f9d458f5934f/spring-jcl-5.0.4.RELEASE.jar:/Users/pankal/.gradle/caches/modules-2/files-2.1/com.fasterxml.jackson.core/jackson-annotations/2.9.0/7c10d545325e3a6e72e06381afe469fd40eb701/jackson-annotations-2.9.0.jar:/Users/pankal/.gradle/caches/modules-2/files-2.1/com.fasterxml.jackson.core/jackson-core/2.9.4/a9a71ec1aa37da47db168fede9a4a5fb5e374320/jackson-core-2.9.4.jar:/Users/pankal/.gradle/caches/modules-2/files-2.1/org.aspectj/aspectjweaver/1.8.13/ad94df2a28d658a40dc27bbaff6a1ce5fbf04e9b/aspectjweaver-1.8.13.jar:/Users/pankal/.gradle/caches/modules-2/files-2.1/org.hibernate.javax.persistence/hibernate-jpa-2.1-api/1.0.0.Final/5e731d961297e5a07290bfaf3db1fbc8bbbf405a/hibernate-jpa-2.1-api-1.0.0.Final.jar:/Users/pankal/.gradle/caches/modules-2/files-2.1/org.javassist/javassist/3.22.0-GA/3e83394258ae2089be7219b971ec21a8288528ad/javassist-3.22.0-GA.jar:/Users/pankal/.gradle/caches/modules-2/files-2.1/antlr/antlr/2.7.7/83cd2cd674a217ade95a4bb83a8a14f351f48bd0/antlr-2.7.7.jar:/Users/pankal/.gradle/caches/modules-2/files-2.1/org.jboss/jandex/2.0.3.Final/bfc4d6257dbff7a33a357f0de116be6ff951d849/jandex-2.0.3.Final.jar:/Users/pankal/.gradle/caches/modules-2/files-2.1/dom4j/dom4j/1.6.1/5d3ccc056b6f056dbf0dddfdf43894b9065a8f94/dom4j-1.6.1.jar:/Users/pankal/.gradle/caches/modules-2/files-2.1/net.minidev/accessors-smart/1.2/c592b500269bfde36096641b01238a8350f8aa31/accessors-smart-1.2.jar:/Users/pankal/.gradle/caches/modules-2/files-2.1/ch.qos.logback/logback-core/1.2.3/864344400c3d4d92dfeb0a305dc87d953677c03c/logback-core-1.2.3.jar:/Users/pankal/.gradle/caches/modules-2/files-2.1/org.apache.logging.log4j/log4j-api/2.10.0/fec5797a55b786184a537abd39c3fa1449d752d6/log4j-api-2.10.0.jar:/Users/pankal/.gradle/caches/modules-2/files-2.1/org.ow2.asm/asm/5.0.4/da08b8cce7bbf903602a25a3a163ae252435795/asm-5.0.4.jar, user.name=pankal, java.vm.specification.version=1.8, sun.java.command=worker.org.gradle.process.internal.worker.GradleWorkerMain 'Gradle Test Executor 1', java.home=/Library/Java/JavaVirtualMachines/jdk1.8.0_72.jdk/Contents/Home/jre, sun.arch.data.model=64, user.language=el, java.specification.vendor=Oracle Corporation, awt.toolkit=sun.lwawt.macosx.LWCToolkit, java.vm.info=mixed mode, java.version=1.8.0_72, java.ext.dirs=/Users/pankal/Library/Java/Extensions:/Library/Java/JavaVirtualMachines/jdk1.8.0_72.jdk/Contents/Home/jre/lib/ext:/Library/Java/Extensions:/Network/Library/Java/Extensions:/System/Library/Java/Extensions:/usr/lib/java, sun.boot.class.path=/Library/Java/JavaVirtualMachines/jdk1.8.0_72.jdk/Contents/Home/jre/lib/resources.jar:/Library/Java/JavaVirtualMachines/jdk1.8.0_72.jdk/Contents/Home/jre/lib/rt.jar:/Library/Java/JavaVirtualMachines/jdk1.8.0_72.jdk/Contents/Home/jre/lib/sunrsasign.jar:/Library/Java/JavaVirtualMachines/jdk1.8.0_72.jdk/Contents/Home/jre/lib/jsse.jar:/Library/Java/JavaVirtualMachines/jdk1.8.0_72.jdk/Contents/Home/jre/lib/jce.jar:/Library/Java/JavaVirtualMachines/jdk1.8.0_72.jdk/Contents/Home/jre/lib/charsets.jar:/Library/Java/JavaVirtualMachines/jdk1.8.0_72.jdk/Contents/Home/jre/lib/jfr.jar:/Library/Java/JavaVirtualMachines/jdk1.8.0_72.jdk/Contents/Home/jre/classes, java.vendor=Oracle Corporation, org.gradle.test.worker=1, file.separator=/, java.vendor.url.bug=http://bugreport.sun.com/bugreport/, sun.io.unicode.encoding=UnicodeBig, sun.cpu.endian=little, socksNonProxyHosts=local|*.local|169.254/16|*.169.254/16, ftp.nonProxyHosts=local|*.local|169.254/16|*.169.254/16, sun.cpu.isalist=}}, SystemEnvironmentPropertySource@505779802 {name='systemEnvironment', properties={PATH=/opt/local/bin:/opt/local/sbin:.:/sbin:/usr/local/bin:/usr/sbin:/Users/pankal/development/sbt/bin:/Users/pankal/development/scala-2.11.7/bin:/Users/pankal/development/go_work/bin:/Users/pankal/development/caddy_darwin_amd64_custom:/Users/pankal/development/gradle-4.3.1/bin:/usr/bin:/bin:/usr/sbin:/sbin:/Users/pankal/development/apache-ant-1.9.6/bin:/usr/local/go//bin:/Library/PostgreSQL/9.6/bin:/Users/pankal/development/LibreOffice5.1_SDK:/Users/pankal/development/websocketd-0.2.11-darwin_amd64:/Users/pankal/development/apache-maven-3.5.2/bin, JAVA_HOME=/Library/Java/JavaVirtualMachines/jdk1.8.0_72.jdk/Contents/Home, TERM=xterm-256color, COMMAND_MODE=unix2003, ANT_HOME=/Users/pankal/development/apache-ant-1.9.6, GO_HOME=/usr/local/go/, LOGNAME=pankal, XPC_SERVICE_NAME=0, PWD=/Users/pankal/development/kallisto, SCALA_HOME=/Users/pankal/development/scala-2.11.7, SHELL=/bin/bash, APP_ICON_3696=/Users/pankal/development/gradle-4.3.1/media/gradle.icns, SECURITYSESSIONID=186ae, GOPATH=/Users/pankal/development/go_work, OLDPWD=/Users/pankal/development/gradle-4.3.1, USER=pankal, APP_NAME_3696=Gradle, TMPDIR=/var/folders/_2/9_d4g1dj1m59g0l8by2wgkbc0000gn/T/, SSH_AUTH_SOCK=/private/tmp/com.apple.launchd.LYlFkBcXVl/Listeners, XPC_FLAGS=0x0, __CF_USER_TEXT_ENCODING=0x1F5:0x6:0x14, JAVA_MAIN_CLASS_3710=worker.org.gradle.process.internal.worker.GradleWorkerMain, Apple_PubSub_Socket_Render=/private/tmp/com.apple.launchd.pSbsdbesUW/Render, JAVA_MAIN_CLASS_3696=org.gradle.launcher.GradleMain, LC_CTYPE=el_GR.UTF-8, SHLVL=1, HOME=/Users/pankal}}]
00:00:39.763 [Test worker] DEBUG org.springframework.core.io.support.PathMatchingResourcePatternResolver - Resolved classpath location [com/pankal/app/] to resources [URL [file:/Users/pankal/development/kallisto/eshop/build/classes/java/test/com/pankal/app/], URL [file:/Users/pankal/development/kallisto/eshop/build/classes/java/main/com/pankal/app/]]
00:00:39.765 [Test worker] DEBUG org.springframework.core.io.support.PathMatchingResourcePatternResolver - Looking for matching resources in directory tree [/Users/pankal/development/kallisto/eshop/build/classes/java/test/com/pankal/app]
00:00:39.766 [Test worker] DEBUG org.springframework.core.io.support.PathMatchingResourcePatternResolver - Searching directory [/Users/pankal/development/kallisto/eshop/build/classes/java/test/com/pankal/app] for files matching pattern [/Users/pankal/development/kallisto/eshop/build/classes/java/test/com/pankal/app/*.class]
00:00:39.770 [Test worker] DEBUG org.springframework.core.io.support.PathMatchingResourcePatternResolver - Looking for matching resources in directory tree [/Users/pankal/development/kallisto/eshop/build/classes/java/main/com/pankal/app]
00:00:39.771 [Test worker] DEBUG org.springframework.core.io.support.PathMatchingResourcePatternResolver - Searching directory [/Users/pankal/development/kallisto/eshop/build/classes/java/main/com/pankal/app] for files matching pattern [/Users/pankal/development/kallisto/eshop/build/classes/java/main/com/pankal/app/*.class]
00:00:39.771 [Test worker] DEBUG org.springframework.core.io.support.PathMatchingResourcePatternResolver - Resolved location pattern [classpath*:com/pankal/app/*.class] to resources [file [/Users/pankal/development/kallisto/eshop/build/classes/java/test/com/pankal/app/DemoApplicationTest.class], file [/Users/pankal/development/kallisto/eshop/build/classes/java/main/com/pankal/app/DemoApplication.class]]
00:00:39.886 [Test worker] DEBUG org.springframework.context.annotation.ClassPathScanningCandidateComponentProvider - Identified candidate component class: file [/Users/pankal/development/kallisto/eshop/build/classes/java/main/com/pankal/app/DemoApplication.class]
00:00:39.888 [Test worker] INFO org.springframework.boot.test.context.SpringBootTestContextBootstrapper - Found @SpringBootConfiguration com.pankal.app.DemoApplication for test class com.pankal.app.DemoApplicationTest
00:00:40.066 [Test worker] DEBUG org.springframework.boot.test.context.SpringBootTestContextBootstrapper - @TestExecutionListeners is not present for class [com.pankal.app.DemoApplicationTest]: using defaults.
00:00:40.067 [Test worker] INFO org.springframework.boot.test.context.SpringBootTestContextBootstrapper - Loaded default TestExecutionListener class names from location [META-INF/spring.factories]: [org.springframework.boot.test.autoconfigure.restdocs.RestDocsTestExecutionListener, org.springframework.boot.test.autoconfigure.web.client.MockRestServiceServerResetTestExecutionListener, org.springframework.boot.test.autoconfigure.web.servlet.MockMvcPrintOnlyOnFailureTestExecutionListener, org.springframework.boot.test.autoconfigure.web.servlet.WebDriverTestExecutionListener, org.springframework.boot.test.mock.mockito.MockitoTestExecutionListener, org.springframework.boot.test.mock.mockito.ResetMocksTestExecutionListener, org.springframework.test.context.web.ServletTestExecutionListener, org.springframework.test.context.support.DirtiesContextBeforeModesTestExecutionListener, org.springframework.test.context.support.DependencyInjectionTestExecutionListener, org.springframework.test.context.support.DirtiesContextTestExecutionListener, org.springframework.test.context.transaction.TransactionalTestExecutionListener, org.springframework.test.context.jdbc.SqlScriptsTestExecutionListener]
00:00:40.091 [Test worker] INFO org.springframework.boot.test.context.SpringBootTestContextBootstrapper - Using TestExecutionListeners: [org.springframework.test.context.web.ServletTestExecutionListener@3960e83f, org.springframework.test.context.support.DirtiesContextBeforeModesTestExecutionListener@17490eb1, org.springframework.boot.test.mock.mockito.MockitoTestExecutionListener@587c2a36, org.springframework.boot.test.autoconfigure.SpringBootDependencyInjectionTestExecutionListener@29ab5992, org.springframework.test.context.support.DirtiesContextTestExecutionListener@17347d88, org.springframework.test.context.transaction.TransactionalTestExecutionListener@48d7c559, org.springframework.test.context.jdbc.SqlScriptsTestExecutionListener@71c36bef, org.springframework.boot.test.autoconfigure.restdocs.RestDocsTestExecutionListener@257db8c, org.springframework.boot.test.autoconfigure.web.client.MockRestServiceServerResetTestExecutionListener@363b3e73, org.springframework.boot.test.autoconfigure.web.servlet.MockMvcPrintOnlyOnFailureTestExecutionListener@40b0d8e0, org.springframework.boot.test.autoconfigure.web.servlet.WebDriverTestExecutionListener@2ac64f0a, org.springframework.boot.test.mock.mockito.ResetMocksTestExecutionListener@16f17a65]
00:00:40.094 [Test worker] DEBUG org.springframework.test.annotation.ProfileValueUtils - Retrieved @ProfileValueSourceConfiguration [null] for test class [com.pankal.app.DemoApplicationTest]
00:00:40.095 [Test worker] DEBUG org.springframework.test.annotation.ProfileValueUtils - Retrieved ProfileValueSource type [class org.springframework.test.annotation.SystemProfileValueSource] for class [com.pankal.app.DemoApplicationTest]
00:00:40.096 [Test worker] DEBUG org.springframework.test.annotation.ProfileValueUtils - Retrieved @ProfileValueSourceConfiguration [null] for test class [com.pankal.app.DemoApplicationTest]
00:00:40.096 [Test worker] DEBUG org.springframework.test.annotation.ProfileValueUtils - Retrieved ProfileValueSource type [class org.springframework.test.annotation.SystemProfileValueSource] for class [com.pankal.app.DemoApplicationTest]
00:00:40.102 [Test worker] DEBUG org.springframework.test.context.support.AbstractDirtiesContextTestExecutionListener - Before test class: context [DefaultTestContext@7583d44a testClass = DemoApplicationTest, testInstance = [null], testMethod = [null], testException = [null], mergedContextConfiguration = [WebMergedContextConfiguration@1db9272a testClass = DemoApplicationTest, locations = '{}', classes = '{class com.pankal.app.DemoApplication}', contextInitializerClasses = '[]', activeProfiles = '{}', propertySourceLocations = '{}', propertySourceProperties = '{org.springframework.boot.test.context.SpringBootTestContextBootstrapper=true}', contextCustomizers = set[org.springframework.boot.test.autoconfigure.properties.PropertyMappingContextCustomizer@0, org.springframework.boot.test.autoconfigure.web.servlet.WebDriverContextCustomizerFactory$Customizer@56e4653e, org.springframework.boot.test.context.filter.ExcludeFilterContextCustomizer@1ddc1770, org.springframework.boot.test.json.DuplicateJsonObjectContextCustomizerFactory$DuplicateJsonObjectContextCustomizer@62053722, org.springframework.boot.test.mock.mockito.MockitoContextCustomizer@0, org.springframework.boot.test.web.client.TestRestTemplateContextCustomizer@373c9b44], resourceBasePath = 'src/main/webapp', contextLoader = 'org.springframework.boot.test.context.SpringBootContextLoader', parent = [null]], attributes = map['org.springframework.test.context.web.ServletTestExecutionListener.activateListener' -> true]], class annotated with @DirtiesContext [false] with mode [null].
00:00:40.103 [Test worker] DEBUG org.springframework.test.annotation.ProfileValueUtils - Retrieved @ProfileValueSourceConfiguration [null] for test class [com.pankal.app.DemoApplicationTest]
00:00:40.104 [Test worker] DEBUG org.springframework.test.annotation.ProfileValueUtils - Retrieved ProfileValueSource type [class org.springframework.test.annotation.SystemProfileValueSource] for class [com.pankal.app.DemoApplicationTest]
00:00:40.148 [Test worker] DEBUG org.springframework.core.env.StandardEnvironment - Adding PropertySource 'systemProperties' with lowest search precedence
00:00:40.149 [Test worker] DEBUG org.springframework.core.env.StandardEnvironment - Adding PropertySource 'systemEnvironment' with lowest search precedence
00:00:40.150 [Test worker] DEBUG org.springframework.core.env.StandardEnvironment - Initialized StandardEnvironment with PropertySources [MapPropertySource@2087246915 {name='systemProperties', properties={java.runtime.name=Java(TM) SE Runtime Environment, sun.boot.library.path=/Library/Java/JavaVirtualMachines/jdk1.8.0_72.jdk/Contents/Home/jre/lib, java.vm.version=25.72-b15, gopherProxySet=false, java.vm.vendor=Oracle Corporation, java.vendor.url=http://java.oracle.com/, path.separator=:, java.vm.name=Java HotSpot(TM) 64-Bit Server VM, file.encoding.pkg=sun.io, sun.java.launcher=SUN_STANDARD, user.country=GR, sun.os.patch.level=unknown, java.vm.specification.name=Java Virtual Machine Specification, user.dir=/Users/pankal/development/kallisto/eshop, java.runtime.version=1.8.0_72-b15, java.awt.graphicsenv=sun.awt.CGraphicsEnvironment, java.endorsed.dirs=/Library/Java/JavaVirtualMachines/jdk1.8.0_72.jdk/Contents/Home/jre/lib/endorsed, os.arch=x86_64, java.io.tmpdir=/var/folders/_2/9_d4g1dj1m59g0l8by2wgkbc0000gn/T/, line.separator=
, java.vm.specification.vendor=Oracle Corporation, user.variant=, os.name=Mac OS X, sun.jnu.encoding=UTF-8, java.library.path=/Users/pankal/Library/Java/Extensions:/Library/Java/Extensions:/Network/Library/Java/Extensions:/System/Library/Java/Extensions:/usr/lib/java:., java.specification.name=Java Platform API Specification, java.class.version=52.0, org.gradle.native=false, sun.management.compiler=HotSpot 64-Bit Tiered Compilers, os.version=10.13.4, http.nonProxyHosts=local|*.local|169.254/16|*.169.254/16, user.home=/Users/pankal, user.timezone=Asia/Nicosia, java.awt.printerjob=sun.lwawt.macosx.CPrinterJob, file.encoding=UTF-8, java.specification.version=1.8, java.class.path=/Users/pankal/development/kallisto/eshop/build/classes/java/test:/Users/pankal/development/kallisto/eshop/build/resources/test:/Users/pankal/development/kallisto/eshop/build/classes/java/main:/Users/pankal/development/kallisto/eshop/build/resources/main:/Users/pankal/.gradle/caches/modules-2/files-2.1/org.springframework.boot/spring-boot-starter-actuator/2.0.0.RELEASE/22d7f64be5452ddad3fd0d651c818de658a18f3e/spring-boot-starter-actuator-2.0.0.RELEASE.jar:/Users/pankal/development/kallisto/kallibrary/build/libs/kallibrary-0.0.2-SNAPSHOT.jar:/Users/pankal/.gradle/caches/modules-2/files-2.1/org.springframework.boot/spring-boot-starter-web/2.0.0.RELEASE/fcb2a9e18f98382e626935841f85ed44d7153615/spring-boot-starter-web-2.0.0.RELEASE.jar:/Users/pankal/.gradle/caches/modules-2/files-2.1/org.springframework.boot/spring-boot-starter-test/2.0.0.RELEASE/4ff0e1d9bd315a4a5867e9c6128691cac8b37348/spring-boot-starter-test-2.0.0.RELEASE.jar:/Users/pankal/.gradle/caches/modules-2/files-2.1/org.springframework.boot/spring-boot-starter-json/2.0.0.RELEASE/5a09c939d8bd60d7f163c1c0c20a3127ba9fffa/spring-boot-starter-json-2.0.0.RELEASE.jar:/Users/pankal/.gradle/caches/modules-2/files-2.1/org.springframework.boot/spring-boot-starter-data-jpa/2.0.0.RELEASE/cc7bc2df046149870255d22367f8f7276eb82e98/spring-boot-starter-data-jpa-2.0.0.RELEASE.jar:/Users/pankal/.gradle/caches/modules-2/files-2.1/org.springframework.boot/spring-boot-starter-aop/2.0.0.RELEASE/9afd572ca8de272e6d919d914db5c73cd7d06ea2/spring-boot-starter-aop-2.0.0.RELEASE.jar:/Users/pankal/.gradle/caches/modules-2/files-2.1/org.springframework.boot/spring-boot-starter-jdbc/2.0.0.RELEASE/bfe586f729ed86a421a79ac1b18d4e05acd25d68/spring-boot-starter-jdbc-2.0.0.RELEASE.jar:/Users/pankal/.gradle/caches/modules-2/files-2.1/org.springframework.boot/spring-boot-starter/2.0.0.RELEASE/6d7d8e4bf053cd1833f3c7dbce676bc274f0892f/spring-boot-starter-2.0.0.RELEASE.jar:/Users/pankal/.gradle/caches/modules-2/files-2.1/org.springframework.boot/spring-boot-actuator-autoconfigure/2.0.0.RELEASE/ffaa094aef881dbb30621f6f042dcfec125ffe9/spring-boot-actuator-autoconfigure-2.0.0.RELEASE.jar:/Users/pankal/.gradle/caches/modules-2/files-2.1/io.micrometer/micrometer-core/1.0.1/698281b5829a16ddea19f3a5d4414d7ece1d3f11/micrometer-core-1.0.1.jar:/Users/pankal/.gradle/caches/modules-2/files-2.1/org.springframework.boot/spring-boot-starter-tomcat/2.0.0.RELEASE/908bc9de1a7cfa857edf44182d426f6e0d8a3008/spring-boot-starter-tomcat-2.0.0.RELEASE.jar:/Users/pankal/.gradle/caches/modules-2/files-2.1/org.hibernate.validator/hibernate-validator/6.0.7.Final/8b9d9c7ec8c73963ea0fe81912fc67711a4ef76/hibernate-validator-6.0.7.Final.jar:/Users/pankal/.gradle/caches/modules-2/files-2.1/org.springframework/spring-webmvc/5.0.4.RELEASE/addcf1caa22613c474bd6dde8c7134fef940b1f0/spring-webmvc-5.0.4.RELEASE.jar:/Users/pankal/.gradle/caches/modules-2/files-2.1/org.springframework/spring-web/5.0.4.RELEASE/9565bbc67bf1a850a6505deaa5103931712a7b80/spring-web-5.0.4.RELEASE.jar:/Users/pankal/.gradle/caches/modules-2/files-2.1/org.hsqldb/hsqldb/2.4.0/195957160ed990dbc798207c0d577280d9919208/hsqldb-2.4.0.jar:/Users/pankal/.gradle/caches/modules-2/files-2.1/org.postgresql/postgresql/42.2.1/b7f61848ac43ae9fa6e38935bfd75628b7fc9086/postgresql-42.2.1.jar:/Users/pankal/.gradle/caches/modules-2/files-2.1/org.springframework.boot/spring-boot-test-autoconfigure/2.0.0.RELEASE/db0595321e96929d9473cf061f3408972d03c6aa/spring-boot-test-autoconfigure-2.0.0.RELEASE.jar:/Users/pankal/.gradle/caches/modules-2/files-2.1/org.springframework.boot/spring-boot-test/2.0.0.RELEASE/1565e78c2801bd3c7ece0a8ddc08e5ed53676878/spring-boot-test-2.0.0.RELEASE.jar:/Users/pankal/.gradle/caches/modules-2/files-2.1/com.jayway.jsonpath/json-path/2.4.0/765a4401ceb2dc8d40553c2075eb80a8fa35c2ae/json-path-2.4.0.jar:/Users/pankal/.gradle/caches/modules-2/files-2.1/junit/junit/4.12/2973d150c0dc1fefe998f834810d68f278ea58ec/junit-4.12.jar:/Users/pankal/.gradle/caches/modules-2/files-2.1/org.assertj/assertj-core/3.9.1/c5ce126b15f28d56cd8f960c1a6a058b9c9aea87/assertj-core-3.9.1.jar:/Users/pankal/.gradle/caches/modules-2/files-2.1/org.mockito/mockito-core/2.15.0/b84bfbbc29cd22c9529409627af6ea2897f4fa85/mockito-core-2.15.0.jar:/Users/pankal/.gradle/caches/modules-2/files-2.1/org.hamcrest/hamcrest-library/1.3/4785a3c21320980282f9f33d0d1264a69040538f/hamcrest-library-1.3.jar:/Users/pankal/.gradle/caches/modules-2/files-2.1/org.hamcrest/hamcrest-core/1.3/42a25dc3219429f0e5d060061f71acb49bf010a0/hamcrest-core-1.3.jar:/Users/pankal/.gradle/caches/modules-2/files-2.1/org.skyscreamer/jsonassert/1.5.0/6c9d5fe2f59da598d9aefc1cfc6528ff3cf32df3/jsonassert-1.5.0.jar:/Users/pankal/.gradle/caches/modules-2/files-2.1/org.springframework/spring-test/5.0.4.RELEASE/3fc10b6535a113593fa8780951465012a7677e21/spring-test-5.0.4.RELEASE.jar:/Users/pankal/.gradle/caches/modules-2/files-2.1/org.springframework.boot/spring-boot-autoconfigure/2.0.0.RELEASE/c89896a469ecf92996ecba40755919896ace5470/spring-boot-autoconfigure-2.0.0.RELEASE.jar:/Users/pankal/.gradle/caches/modules-2/files-2.1/org.springframework.boot/spring-boot-actuator/2.0.0.RELEASE/309a5d45b09e361d29c9e7d1def644d70a50173b/spring-boot-actuator-2.0.0.RELEASE.jar:/Users/pankal/.gradle/caches/modules-2/files-2.1/org.springframework.boot/spring-boot/2.0.0.RELEASE/771da2071ff14a47f108642a641c204ae4ef7b15/spring-boot-2.0.0.RELEASE.jar:/Users/pankal/.gradle/caches/modules-2/files-2.1/org.springframework.data/spring-data-jpa/2.0.5.RELEASE/51b2e315174e32b4c8a4841a147002555add076c/spring-data-jpa-2.0.5.RELEASE.jar:/Users/pankal/.gradle/caches/modules-2/files-2.1/org.springframework/spring-context/5.0.4.RELEASE/3e76d08c851113077642c5704f0f94d5ce58e905/spring-context-5.0.4.RELEASE.jar:/Users/pankal/.gradle/caches/modules-2/files-2.1/org.springframework/spring-aop/5.0.4.RELEASE/f8e029e54c0267dadb6b9f713f3feb54ec4f3a0e/spring-aop-5.0.4.RELEASE.jar:/Users/pankal/.gradle/caches/modules-2/files-2.1/org.springframework/spring-orm/5.0.4.RELEASE/dc83e08ecdb4ab28339f87358b53d75b4a8d1b9/spring-orm-5.0.4.RELEASE.jar:/Users/pankal/.gradle/caches/modules-2/files-2.1/org.springframework/spring-jdbc/5.0.4.RELEASE/6b5ac0db11d81d6319ebd0bb253b2f01713df3ab/spring-jdbc-5.0.4.RELEASE.jar:/Users/pankal/.gradle/caches/modules-2/files-2.1/org.springframework.data/spring-data-commons/2.0.5.RELEASE/f5357c650f63f3a187d3d4086a9e9132f33851a6/spring-data-commons-2.0.5.RELEASE.jar:/Users/pankal/.gradle/caches/modules-2/files-2.1/org.springframework/spring-tx/5.0.4.RELEASE/7afc193c5d2b812ee6d2ccaf6fcc81fb83bfb4a7/spring-tx-5.0.4.RELEASE.jar:/Users/pankal/.gradle/caches/modules-2/files-2.1/org.springframework/spring-beans/5.0.4.RELEASE/7a8c3d48d4c33621e64d1399721d8e067450fcbd/spring-beans-5.0.4.RELEASE.jar:/Users/pankal/.gradle/caches/modules-2/files-2.1/org.springframework/spring-expression/5.0.4.RELEASE/4bda161f2e34c1486f2527a23eb47293567f473c/spring-expression-5.0.4.RELEASE.jar:/Users/pankal/.gradle/caches/modules-2/files-2.1/org.springframework/spring-core/5.0.4.RELEASE/2221a957b5561a34f044350ba4e30ef5870254a3/spring-core-5.0.4.RELEASE.jar:/Users/pankal/.gradle/caches/modules-2/files-2.1/org.xmlunit/xmlunit-core/2.5.1/4ffdb346572a7356f7521cd3119ce5287d2e339d/xmlunit-core-2.5.1.jar:/Users/pankal/.gradle/caches/modules-2/files-2.1/org.springframework.boot/spring-boot-starter-logging/2.0.0.RELEASE/fe939b71659ef1f98a53cce0b5bcf771685cf6a6/spring-boot-starter-logging-2.0.0.RELEASE.jar:/Users/pankal/.gradle/caches/modules-2/files-2.1/javax.annotation/javax.annotation-api/1.3.2/934c04d3cfef185a8008e7bf34331b79730a9d43/javax.annotation-api-1.3.2.jar:/Users/pankal/.gradle/caches/modules-2/files-2.1/org.yaml/snakeyaml/1.19/2d998d3d674b172a588e54ab619854d073f555b5/snakeyaml-1.19.jar:/Users/pankal/.gradle/caches/modules-2/files-2.1/com.fasterxml.jackson.datatype/jackson-datatype-jsr310/2.9.4/12d52679a6615c7972ea25bd8ebb60b191fe79b7/jackson-datatype-jsr310-2.9.4.jar:/Users/pankal/.gradle/caches/modules-2/files-2.1/com.fasterxml.jackson.datatype/jackson-datatype-jdk8/2.9.4/63ac052d52a70a15820d3dc07ea757826fd51d40/jackson-datatype-jdk8-2.9.4.jar:/Users/pankal/.gradle/caches/modules-2/files-2.1/com.fasterxml.jackson.module/jackson-module-parameter-names/2.9.4/5833c819877c3e85bad847f4d2fa4e70379217c6/jackson-module-parameter-names-2.9.4.jar:/Users/pankal/.gradle/caches/modules-2/files-2.1/com.fasterxml.jackson.core/jackson-databind/2.9.4/498bbc3b94f566982c7f7c6d4d303fce365529be/jackson-databind-2.9.4.jar:/Users/pankal/.gradle/caches/modules-2/files-2.1/org.hdrhistogram/HdrHistogram/2.1.10/9e1ac84eed220281841b75e72fb9de5a297fbf04/HdrHistogram-2.1.10.jar:/Users/pankal/.gradle/caches/modules-2/files-2.1/org.latencyutils/LatencyUtils/2.0.3/769c0b82cb2421c8256300e907298a9410a2a3d3/LatencyUtils-2.0.3.jar:/Users/pankal/.gradle/caches/modules-2/files-2.1/org.apache.tomcat.embed/tomcat-embed-websocket/8.5.28/8a5a48740dd80cad644ceb541e77fd8e0809e3b7/tomcat-embed-websocket-8.5.28.jar:/Users/pankal/.gradle/caches/modules-2/files-2.1/org.apache.tomcat.embed/tomcat-embed-core/8.5.28/b684c98cf77c6528079c4e59fc1feeb218bf82f1/tomcat-embed-core-8.5.28.jar:/Users/pankal/.gradle/caches/modules-2/files-2.1/org.apache.tomcat.embed/tomcat-embed-el/8.5.28/75745598f60646ccf0c4b105468a9c8be9b8432e/tomcat-embed-el-8.5.28.jar:/Users/pankal/.gradle/caches/modules-2/files-2.1/javax.validation/validation-api/2.0.1.Final/cb855558e6271b1b32e716d24cb85c7f583ce09e/validation-api-2.0.1.Final.jar:/Users/pankal/.gradle/caches/modules-2/files-2.1/org.hibernate/hibernate-core/5.2.14.Final/2132ad4a9fa5088156469ec85306afe574bb8c24/hibernate-core-5.2.14.Final.jar:/Users/pankal/.gradle/caches/modules-2/files-2.1/org.hibernate.common/hibernate-commons-annotations/5.0.1.Final/71e1cff3fcb20d3b3af4f3363c3ddb24d33c6879/hibernate-commons-annotations-5.0.1.Final.jar:/Users/pankal/.gradle/caches/modules-2/files-2.1/org.jboss.logging/jboss-logging/3.3.2.Final/3789d00e859632e6c6206adc0c71625559e6e3b0/jboss-logging-3.3.2.Final.jar:/Users/pankal/.gradle/caches/modules-2/files-2.1/com.fasterxml/classmate/1.3.4/3d5f48f10bbe4eb7bd862f10c0583be2e0053c6/classmate-1.3.4.jar:/Users/pankal/.gradle/caches/modules-2/files-2.1/javax.transaction/javax.transaction-api/1.2/d81aff979d603edd90dcd8db2abc1f4ce6479e3e/javax.transaction-api-1.2.jar:/Users/pankal/.gradle/caches/modules-2/files-2.1/org.springframework/spring-aspects/5.0.4.RELEASE/454ee13fc4f439065572dd526e81c699d1d61e3e/spring-aspects-5.0.4.RELEASE.jar:/Users/pankal/.gradle/caches/modules-2/files-2.1/net.minidev/json-smart/2.3/7396407491352ce4fa30de92efb158adb76b5b/json-smart-2.3.jar:/Users/pankal/.gradle/caches/modules-2/files-2.1/ch.qos.logback/logback-classic/1.2.3/7c4f3c474fb2c041d8028740440937705ebb473a/logback-classic-1.2.3.jar:/Users/pankal/.gradle/caches/modules-2/files-2.1/org.apache.logging.log4j/log4j-to-slf4j/2.10.0/f7e631ccf49cfc0aefa4a2a728da7d374c05bd3c/log4j-to-slf4j-2.10.0.jar:/Users/pankal/.gradle/caches/modules-2/files-2.1/org.slf4j/jul-to-slf4j/1.7.25/af5364cd6679bfffb114f0dec8a157aaa283b76/jul-to-slf4j-1.7.25.jar:/Users/pankal/.gradle/caches/modules-2/files-2.1/com.zaxxer/HikariCP/2.7.8/4a3a604fa2efa89621aa498d04e000b2bed90c39/HikariCP-2.7.8.jar:/Users/pankal/.gradle/caches/modules-2/files-2.1/org.slf4j/slf4j-api/1.7.25/da76ca59f6a57ee3102f8f9bd9cee742973efa8a/slf4j-api-1.7.25.jar:/Users/pankal/.gradle/caches/modules-2/files-2.1/net.bytebuddy/byte-buddy/1.7.10/3c8ec287c0a5bd04b1e3f11723bc46a50346602b/byte-buddy-1.7.10.jar:/Users/pankal/.gradle/caches/modules-2/files-2.1/net.bytebuddy/byte-buddy-agent/1.7.10/9b092a8fb9112b89f6cb23fc929cfb931b14007b/byte-buddy-agent-1.7.10.jar:/Users/pankal/.gradle/caches/modules-2/files-2.1/org.objenesis/objenesis/2.6/639033469776fd37c08358c6b92a4761feb2af4b/objenesis-2.6.jar:/Users/pankal/.gradle/caches/modules-2/files-2.1/com.vaadin.external.google/android-json/0.0.20131108.vaadin1/fa26d351fe62a6a17f5cda1287c1c6110dec413f/android-json-0.0.20131108.vaadin1.jar:/Users/pankal/.gradle/caches/modules-2/files-2.1/org.springframework/spring-jcl/5.0.4.RELEASE/3053e2bad0a18571bdbb9596ce51f9d458f5934f/spring-jcl-5.0.4.RELEASE.jar:/Users/pankal/.gradle/caches/modules-2/files-2.1/com.fasterxml.jackson.core/jackson-annotations/2.9.0/7c10d545325e3a6e72e06381afe469fd40eb701/jackson-annotations-2.9.0.jar:/Users/pankal/.gradle/caches/modules-2/files-2.1/com.fasterxml.jackson.core/jackson-core/2.9.4/a9a71ec1aa37da47db168fede9a4a5fb5e374320/jackson-core-2.9.4.jar:/Users/pankal/.gradle/caches/modules-2/files-2.1/org.aspectj/aspectjweaver/1.8.13/ad94df2a28d658a40dc27bbaff6a1ce5fbf04e9b/aspectjweaver-1.8.13.jar:/Users/pankal/.gradle/caches/modules-2/files-2.1/org.hibernate.javax.persistence/hibernate-jpa-2.1-api/1.0.0.Final/5e731d961297e5a07290bfaf3db1fbc8bbbf405a/hibernate-jpa-2.1-api-1.0.0.Final.jar:/Users/pankal/.gradle/caches/modules-2/files-2.1/org.javassist/javassist/3.22.0-GA/3e83394258ae2089be7219b971ec21a8288528ad/javassist-3.22.0-GA.jar:/Users/pankal/.gradle/caches/modules-2/files-2.1/antlr/antlr/2.7.7/83cd2cd674a217ade95a4bb83a8a14f351f48bd0/antlr-2.7.7.jar:/Users/pankal/.gradle/caches/modules-2/files-2.1/org.jboss/jandex/2.0.3.Final/bfc4d6257dbff7a33a357f0de116be6ff951d849/jandex-2.0.3.Final.jar:/Users/pankal/.gradle/caches/modules-2/files-2.1/dom4j/dom4j/1.6.1/5d3ccc056b6f056dbf0dddfdf43894b9065a8f94/dom4j-1.6.1.jar:/Users/pankal/.gradle/caches/modules-2/files-2.1/net.minidev/accessors-smart/1.2/c592b500269bfde36096641b01238a8350f8aa31/accessors-smart-1.2.jar:/Users/pankal/.gradle/caches/modules-2/files-2.1/ch.qos.logback/logback-core/1.2.3/864344400c3d4d92dfeb0a305dc87d953677c03c/logback-core-1.2.3.jar:/Users/pankal/.gradle/caches/modules-2/files-2.1/org.apache.logging.log4j/log4j-api/2.10.0/fec5797a55b786184a537abd39c3fa1449d752d6/log4j-api-2.10.0.jar:/Users/pankal/.gradle/caches/modules-2/files-2.1/org.ow2.asm/asm/5.0.4/da08b8cce7bbf903602a25a3a163ae252435795/asm-5.0.4.jar, user.name=pankal, java.vm.specification.version=1.8, sun.java.command=worker.org.gradle.process.internal.worker.GradleWorkerMain 'Gradle Test Executor 1', java.home=/Library/Java/JavaVirtualMachines/jdk1.8.0_72.jdk/Contents/Home/jre, sun.arch.data.model=64, user.language=el, java.specification.vendor=Oracle Corporation, awt.toolkit=sun.lwawt.macosx.LWCToolkit, java.vm.info=mixed mode, java.version=1.8.0_72, java.ext.dirs=/Users/pankal/Library/Java/Extensions:/Library/Java/JavaVirtualMachines/jdk1.8.0_72.jdk/Contents/Home/jre/lib/ext:/Library/Java/Extensions:/Network/Library/Java/Extensions:/System/Library/Java/Extensions:/usr/lib/java, sun.boot.class.path=/Library/Java/JavaVirtualMachines/jdk1.8.0_72.jdk/Contents/Home/jre/lib/resources.jar:/Library/Java/JavaVirtualMachines/jdk1.8.0_72.jdk/Contents/Home/jre/lib/rt.jar:/Library/Java/JavaVirtualMachines/jdk1.8.0_72.jdk/Contents/Home/jre/lib/sunrsasign.jar:/Library/Java/JavaVirtualMachines/jdk1.8.0_72.jdk/Contents/Home/jre/lib/jsse.jar:/Library/Java/JavaVirtualMachines/jdk1.8.0_72.jdk/Contents/Home/jre/lib/jce.jar:/Library/Java/JavaVirtualMachines/jdk1.8.0_72.jdk/Contents/Home/jre/lib/charsets.jar:/Library/Java/JavaVirtualMachines/jdk1.8.0_72.jdk/Contents/Home/jre/lib/jfr.jar:/Library/Java/JavaVirtualMachines/jdk1.8.0_72.jdk/Contents/Home/jre/classes, java.vendor=Oracle Corporation, org.gradle.test.worker=1, file.separator=/, java.vendor.url.bug=http://bugreport.sun.com/bugreport/, sun.io.unicode.encoding=UnicodeBig, sun.cpu.endian=little, socksNonProxyHosts=local|*.local|169.254/16|*.169.254/16, ftp.nonProxyHosts=local|*.local|169.254/16|*.169.254/16, sun.cpu.isalist=}}, SystemEnvironmentPropertySource@300817361 {name='systemEnvironment', properties={PATH=/opt/local/bin:/opt/local/sbin:.:/sbin:/usr/local/bin:/usr/sbin:/Users/pankal/development/sbt/bin:/Users/pankal/development/scala-2.11.7/bin:/Users/pankal/development/go_work/bin:/Users/pankal/development/caddy_darwin_amd64_custom:/Users/pankal/development/gradle-4.3.1/bin:/usr/bin:/bin:/usr/sbin:/sbin:/Users/pankal/development/apache-ant-1.9.6/bin:/usr/local/go//bin:/Library/PostgreSQL/9.6/bin:/Users/pankal/development/LibreOffice5.1_SDK:/Users/pankal/development/websocketd-0.2.11-darwin_amd64:/Users/pankal/development/apache-maven-3.5.2/bin, JAVA_HOME=/Library/Java/JavaVirtualMachines/jdk1.8.0_72.jdk/Contents/Home, TERM=xterm-256color, COMMAND_MODE=unix2003, ANT_HOME=/Users/pankal/development/apache-ant-1.9.6, GO_HOME=/usr/local/go/, LOGNAME=pankal, XPC_SERVICE_NAME=0, PWD=/Users/pankal/development/kallisto, SCALA_HOME=/Users/pankal/development/scala-2.11.7, SHELL=/bin/bash, APP_ICON_3696=/Users/pankal/development/gradle-4.3.1/media/gradle.icns, SECURITYSESSIONID=186ae, GOPATH=/Users/pankal/development/go_work, OLDPWD=/Users/pankal/development/gradle-4.3.1, USER=pankal, APP_NAME_3696=Gradle, TMPDIR=/var/folders/_2/9_d4g1dj1m59g0l8by2wgkbc0000gn/T/, SSH_AUTH_SOCK=/private/tmp/com.apple.launchd.LYlFkBcXVl/Listeners, XPC_FLAGS=0x0, __CF_USER_TEXT_ENCODING=0x1F5:0x6:0x14, JAVA_MAIN_CLASS_3710=worker.org.gradle.process.internal.worker.GradleWorkerMain, Apple_PubSub_Socket_Render=/private/tmp/com.apple.launchd.pSbsdbesUW/Render, JAVA_MAIN_CLASS_3696=org.gradle.launcher.GradleMain, LC_CTYPE=el_GR.UTF-8, SHLVL=1, HOME=/Users/pankal}}]
00:00:40.155 [Test worker] DEBUG org.springframework.test.context.support.TestPropertySourceUtils - Adding inlined properties to environment: {spring.jmx.enabled=false, org.springframework.boot.test.context.SpringBootTestContextBootstrapper=true, server.port=-1}
00:00:40.155 [Test worker] DEBUG org.springframework.core.env.StandardEnvironment - Adding PropertySource 'Inlined Test Properties' with highest search precedence

  .   ____          _            __ _ _
 /\\ / ___'_ __ _ _(_)_ __  __ _ \ \ \ \
( ( )\___ | '_ | '_| | '_ \/ _` | \ \ \ \
 \\/  ___)| |_)| | | | | || (_| |  ) ) ) )
  '  |____| .__|_| |_|_| |_\__, | / / / /
 =========|_|==============|___/=/_/_/_/
 :: Spring Boot ::        (v2.0.0.RELEASE)

2018-04-25 00:00:40.550  INFO 3710 --- [    Test worker] com.pankal.app.DemoApplicationTest       : Starting DemoApplicationTest on MacBookPankal.fritz.box with PID 3710 (started by pankal in /Users/pankal/development/kallisto/eshop)
2018-04-25 00:00:40.553  INFO 3710 --- [    Test worker] com.pankal.app.DemoApplicationTest       : No active profile set, falling back to default profiles: default
2018-04-25 00:00:40.635  INFO 3710 --- [    Test worker] o.s.w.c.s.GenericWebApplicationContext   : Refreshing org.springframework.web.context.support.GenericWebApplicationContext@7f5d2427: startup date [Wed Apr 25 00:00:40 EEST 2018]; root of context hierarchy
2018-04-25 00:00:43.023  INFO 3710 --- [    Test worker] trationDelegate$BeanPostProcessorChecker : Bean 'org.springframework.transaction.annotation.ProxyTransactionManagementConfiguration' of type [org.springframework.transaction.annotation.ProxyTransactionManagementConfiguration$$EnhancerBySpringCGLIB$$a0c70bbf] is not eligible for getting processed by all BeanPostProcessors (for example: not eligible for auto-proxying)
2018-04-25 00:00:43.567  INFO 3710 --- [    Test worker] com.zaxxer.hikari.HikariDataSource       : HikariPool-1 - Starting...
2018-04-25 00:00:43.575  WARN 3710 --- [    Test worker] com.zaxxer.hikari.util.DriverDataSource  : Registered driver with driverClassName=org.hsqldb.jdbcDriver was not found, trying direct instantiation.
2018-04-25 00:00:44.060  INFO 3710 --- [    Test worker] com.zaxxer.hikari.pool.PoolBase          : HikariPool-1 - Driver does not support get/set network timeout for connections. (feature not supported)
2018-04-25 00:00:44.075  INFO 3710 --- [    Test worker] com.zaxxer.hikari.HikariDataSource       : HikariPool-1 - Start completed.
2018-04-25 00:00:44.132  INFO 3710 --- [    Test worker] j.LocalContainerEntityManagerFactoryBean : Building JPA container EntityManagerFactory for persistence unit 'default'
2018-04-25 00:00:44.153  INFO 3710 --- [    Test worker] o.hibernate.jpa.internal.util.LogHelper  : HHH000204: Processing PersistenceUnitInfo [
	name: default
	...]
2018-04-25 00:00:44.246  INFO 3710 --- [    Test worker] org.hibernate.Version                    : HHH000412: Hibernate Core {5.2.14.Final}
2018-04-25 00:00:44.248  INFO 3710 --- [    Test worker] org.hibernate.cfg.Environment            : HHH000206: hibernate.properties not found
2018-04-25 00:00:44.296  INFO 3710 --- [    Test worker] o.hibernate.annotations.common.Version   : HCANN000001: Hibernate Commons Annotations {5.0.1.Final}
2018-04-25 00:00:44.466  INFO 3710 --- [    Test worker] org.hibernate.dialect.Dialect            : HHH000400: Using dialect: org.hibernate.dialect.HSQLDialect
2018-04-25 00:00:44.805  INFO 3710 --- [    Test worker] o.h.t.schema.internal.SchemaCreatorImpl  : HHH000476: Executing import script 'org.hibernate.tool.schema.internal.exec.ScriptSourceInputNonExistentImpl@ede1f30'
2018-04-25 00:00:44.810  INFO 3710 --- [    Test worker] j.LocalContainerEntityManagerFactoryBean : Initialized JPA EntityManagerFactory for persistence unit 'default'
2018-04-25 00:00:44.831  WARN 3710 --- [    Test worker] o.s.w.c.s.GenericWebApplicationContext   : Exception encountered during context initialization - cancelling refresh attempt: org.springframework.beans.factory.UnsatisfiedDependencyException: Error creating bean with name 'demoApplication': Unsatisfied dependency expressed through constructor parameter 0; nested exception is org.springframework.beans.factory.NoSuchBeanDefinitionException: No qualifying bean of type 'com.pankal.service.MyService' available: expected at least 1 bean which qualifies as autowire candidate. Dependency annotations: {}
2018-04-25 00:00:44.832  INFO 3710 --- [    Test worker] j.LocalContainerEntityManagerFactoryBean : Closing JPA EntityManagerFactory for persistence unit 'default'
2018-04-25 00:00:44.832  INFO 3710 --- [    Test worker] .SchemaDropperImpl$DelayedDropActionImpl : HHH000477: Starting delayed drop of schema as part of SessionFactory shut-down'
2018-04-25 00:00:44.834  INFO 3710 --- [    Test worker] com.zaxxer.hikari.HikariDataSource       : HikariPool-1 - Shutdown initiated...
2018-04-25 00:00:44.841  INFO 3710 --- [    Test worker] com.zaxxer.hikari.HikariDataSource       : HikariPool-1 - Shutdown completed.
2018-04-25 00:00:44.866  INFO 3710 --- [    Test worker] ConditionEvaluationReportLoggingListener : 

Error starting ApplicationContext. To display the conditions report re-run your application with 'debug' enabled.
2018-04-25 00:00:45.069 ERROR 3710 --- [    Test worker] o.s.b.d.LoggingFailureAnalysisReporter   : 

***************************
APPLICATION FAILED TO START
***************************

Description:

Parameter 0 of constructor in com.pankal.app.DemoApplication required a bean of type 'com.pankal.service.MyService' that could not be found.


Action:

Consider defining a bean of type 'com.pankal.service.MyService' in your configuration.

2018-04-25 00:00:45.077 ERROR 3710 --- [    Test worker] o.s.test.context.TestContextManager      : Caught exception while allowing TestExecutionListener [org.springframework.test.context.web.ServletTestExecutionListener@3960e83f] to prepare test instance [com.pankal.app.DemoApplicationTest@4763f193]

java.lang.IllegalStateException: Failed to load ApplicationContext
	at org.springframework.test.context.cache.DefaultCacheAwareContextLoaderDelegate.loadContext(DefaultCacheAwareContextLoaderDelegate.java:125) ~[spring-test-5.0.4.RELEASE.jar:5.0.4.RELEASE]
	at org.springframework.test.context.support.DefaultTestContext.getApplicationContext(DefaultTestContext.java:107) ~[spring-test-5.0.4.RELEASE.jar:5.0.4.RELEASE]
	at org.springframework.test.context.web.ServletTestExecutionListener.setUpRequestContextIfNecessary(ServletTestExecutionListener.java:190) ~[spring-test-5.0.4.RELEASE.jar:5.0.4.RELEASE]
	at org.springframework.test.context.web.ServletTestExecutionListener.prepareTestInstance(ServletTestExecutionListener.java:132) ~[spring-test-5.0.4.RELEASE.jar:5.0.4.RELEASE]
	at org.springframework.test.context.TestContextManager.prepareTestInstance(TestContextManager.java:242) ~[spring-test-5.0.4.RELEASE.jar:5.0.4.RELEASE]
	at org.springframework.test.context.junit4.SpringJUnit4ClassRunner.createTest(SpringJUnit4ClassRunner.java:227) [spring-test-5.0.4.RELEASE.jar:5.0.4.RELEASE]
	at org.springframework.test.context.junit4.SpringJUnit4ClassRunner$1.runReflectiveCall(SpringJUnit4ClassRunner.java:289) [spring-test-5.0.4.RELEASE.jar:5.0.4.RELEASE]
	at org.junit.internal.runners.model.ReflectiveCallable.run(ReflectiveCallable.java:12) [junit-4.12.jar:4.12]
	at org.springframework.test.context.junit4.SpringJUnit4ClassRunner.methodBlock(SpringJUnit4ClassRunner.java:291) [spring-test-5.0.4.RELEASE.jar:5.0.4.RELEASE]
	at org.springframework.test.context.junit4.SpringJUnit4ClassRunner.runChild(SpringJUnit4ClassRunner.java:246) [spring-test-5.0.4.RELEASE.jar:5.0.4.RELEASE]
	at org.springframework.test.context.junit4.SpringJUnit4ClassRunner.runChild(SpringJUnit4ClassRunner.java:97) [spring-test-5.0.4.RELEASE.jar:5.0.4.RELEASE]
	at org.junit.runners.ParentRunner$3.run(ParentRunner.java:290) [junit-4.12.jar:4.12]
	at org.junit.runners.ParentRunner$1.schedule(ParentRunner.java:71) [junit-4.12.jar:4.12]
	at org.junit.runners.ParentRunner.runChildren(ParentRunner.java:288) [junit-4.12.jar:4.12]
	at org.junit.runners.ParentRunner.access$000(ParentRunner.java:58) [junit-4.12.jar:4.12]
	at org.junit.runners.ParentRunner$2.evaluate(ParentRunner.java:268) [junit-4.12.jar:4.12]
	at org.springframework.test.context.junit4.statements.RunBeforeTestClassCallbacks.evaluate(RunBeforeTestClassCallbacks.java:61) [spring-test-5.0.4.RELEASE.jar:5.0.4.RELEASE]
	at org.springframework.test.context.junit4.statements.RunAfterTestClassCallbacks.evaluate(RunAfterTestClassCallbacks.java:70) [spring-test-5.0.4.RELEASE.jar:5.0.4.RELEASE]
	at org.junit.runners.ParentRunner.run(ParentRunner.java:363) [junit-4.12.jar:4.12]
	at org.springframework.test.context.junit4.SpringJUnit4ClassRunner.run(SpringJUnit4ClassRunner.java:190) [spring-test-5.0.4.RELEASE.jar:5.0.4.RELEASE]
	at org.gradle.api.internal.tasks.testing.junit.JUnitTestClassExecuter.runTestClass(JUnitTestClassExecuter.java:114) [gradle-testing-jvm-4.3.1.jar:4.3.1]
	at org.gradle.api.internal.tasks.testing.junit.JUnitTestClassExecuter.execute(JUnitTestClassExecuter.java:57) [gradle-testing-jvm-4.3.1.jar:4.3.1]
	at org.gradle.api.internal.tasks.testing.junit.JUnitTestClassProcessor.processTestClass(JUnitTestClassProcessor.java:66) [gradle-testing-jvm-4.3.1.jar:4.3.1]
	at org.gradle.api.internal.tasks.testing.SuiteTestClassProcessor.processTestClass(SuiteTestClassProcessor.java:51) [gradle-testing-base-4.3.1.jar:4.3.1]
	at sun.reflect.NativeMethodAccessorImpl.invoke0(Native Method) ~[na:1.8.0_72]
	at sun.reflect.NativeMethodAccessorImpl.invoke(NativeMethodAccessorImpl.java:62) ~[na:1.8.0_72]
	at sun.reflect.DelegatingMethodAccessorImpl.invoke(DelegatingMethodAccessorImpl.java:43) ~[na:1.8.0_72]
	at java.lang.reflect.Method.invoke(Method.java:498) ~[na:1.8.0_72]
	at org.gradle.internal.dispatch.ReflectionDispatch.dispatch(ReflectionDispatch.java:35) [gradle-messaging-4.3.1.jar:4.3.1]
	at org.gradle.internal.dispatch.ReflectionDispatch.dispatch(ReflectionDispatch.java:24) [gradle-messaging-4.3.1.jar:4.3.1]
	at org.gradle.internal.dispatch.ContextClassLoaderDispatch.dispatch(ContextClassLoaderDispatch.java:32) [gradle-messaging-4.3.1.jar:4.3.1]
	at org.gradle.internal.dispatch.ProxyDispatchAdapter$DispatchingInvocationHandler.invoke(ProxyDispatchAdapter.java:93) [gradle-messaging-4.3.1.jar:4.3.1]
	at com.sun.proxy.$Proxy1.processTestClass(Unknown Source) [na:na]
	at org.gradle.api.internal.tasks.testing.worker.TestWorker.processTestClass(TestWorker.java:108) [gradle-testing-base-4.3.1.jar:4.3.1]
	at sun.reflect.NativeMethodAccessorImpl.invoke0(Native Method) ~[na:1.8.0_72]
	at sun.reflect.NativeMethodAccessorImpl.invoke(NativeMethodAccessorImpl.java:62) ~[na:1.8.0_72]
	at sun.reflect.DelegatingMethodAccessorImpl.invoke(DelegatingMethodAccessorImpl.java:43) ~[na:1.8.0_72]
	at java.lang.reflect.Method.invoke(Method.java:498) ~[na:1.8.0_72]
	at org.gradle.internal.dispatch.ReflectionDispatch.dispatch(ReflectionDispatch.java:35) [gradle-messaging-4.3.1.jar:4.3.1]
	at org.gradle.internal.dispatch.ReflectionDispatch.dispatch(ReflectionDispatch.java:24) [gradle-messaging-4.3.1.jar:4.3.1]
	at org.gradle.internal.remote.internal.hub.MessageHubBackedObjectConnection$DispatchWrapper.dispatch(MessageHubBackedObjectConnection.java:146) [gradle-messaging-4.3.1.jar:4.3.1]
	at org.gradle.internal.remote.internal.hub.MessageHubBackedObjectConnection$DispatchWrapper.dispatch(MessageHubBackedObjectConnection.java:128) [gradle-messaging-4.3.1.jar:4.3.1]
	at org.gradle.internal.remote.internal.hub.MessageHub$Handler.run(MessageHub.java:404) [gradle-messaging-4.3.1.jar:4.3.1]
	at org.gradle.internal.concurrent.ExecutorPolicy$CatchAndRecordFailures.onExecute(ExecutorPolicy.java:63) [gradle-base-services-4.3.1.jar:4.3.1]
	at org.gradle.internal.concurrent.ManagedExecutorImpl$1.run(ManagedExecutorImpl.java:46) [gradle-base-services-4.3.1.jar:4.3.1]
	at java.util.concurrent.ThreadPoolExecutor.runWorker(ThreadPoolExecutor.java:1142) [na:1.8.0_72]
	at java.util.concurrent.ThreadPoolExecutor$Worker.run(ThreadPoolExecutor.java:617) [na:1.8.0_72]
	at org.gradle.internal.concurrent.ThreadFactoryImpl$ManagedThreadRunnable.run(ThreadFactoryImpl.java:55) [gradle-base-services-4.3.1.jar:4.3.1]
	at java.lang.Thread.run(Thread.java:745) [na:1.8.0_72]
Caused by: org.springframework.beans.factory.UnsatisfiedDependencyException: Error creating bean with name 'demoApplication': Unsatisfied dependency expressed through constructor parameter 0; nested exception is org.springframework.beans.factory.NoSuchBeanDefinitionException: No qualifying bean of type 'com.pankal.service.MyService' available: expected at least 1 bean which qualifies as autowire candidate. Dependency annotations: {}
	at org.springframework.beans.factory.support.ConstructorResolver.createArgumentArray(ConstructorResolver.java:729) ~[spring-beans-5.0.4.RELEASE.jar:5.0.4.RELEASE]
	at org.springframework.beans.factory.support.ConstructorResolver.autowireConstructor(ConstructorResolver.java:192) ~[spring-beans-5.0.4.RELEASE.jar:5.0.4.RELEASE]
	at org.springframework.beans.factory.support.AbstractAutowireCapableBeanFactory.autowireConstructor(AbstractAutowireCapableBeanFactory.java:1270) ~[spring-beans-5.0.4.RELEASE.jar:5.0.4.RELEASE]
	at org.springframework.beans.factory.support.AbstractAutowireCapableBeanFactory.createBeanInstance(AbstractAutowireCapableBeanFactory.java:1127) ~[spring-beans-5.0.4.RELEASE.jar:5.0.4.RELEASE]
	at org.springframework.beans.factory.support.AbstractAutowireCapableBeanFactory.doCreateBean(AbstractAutowireCapableBeanFactory.java:545) ~[spring-beans-5.0.4.RELEASE.jar:5.0.4.RELEASE]
	at org.springframework.beans.factory.support.AbstractAutowireCapableBeanFactory.createBean(AbstractAutowireCapableBeanFactory.java:502) ~[spring-beans-5.0.4.RELEASE.jar:5.0.4.RELEASE]
	at org.springframework.beans.factory.support.AbstractBeanFactory.lambda$doGetBean$0(AbstractBeanFactory.java:312) ~[spring-beans-5.0.4.RELEASE.jar:5.0.4.RELEASE]
	at org.springframework.beans.factory.support.DefaultSingletonBeanRegistry.getSingleton(DefaultSingletonBeanRegistry.java:228) ~[spring-beans-5.0.4.RELEASE.jar:5.0.4.RELEASE]
	at org.springframework.beans.factory.support.AbstractBeanFactory.doGetBean(AbstractBeanFactory.java:310) ~[spring-beans-5.0.4.RELEASE.jar:5.0.4.RELEASE]
	at org.springframework.beans.factory.support.AbstractBeanFactory.getBean(AbstractBeanFactory.java:200) ~[spring-beans-5.0.4.RELEASE.jar:5.0.4.RELEASE]
	at org.springframework.beans.factory.support.DefaultListableBeanFactory.preInstantiateSingletons(DefaultListableBeanFactory.java:760) ~[spring-beans-5.0.4.RELEASE.jar:5.0.4.RELEASE]
	at org.springframework.context.support.AbstractApplicationContext.finishBeanFactoryInitialization(AbstractApplicationContext.java:868) ~[spring-context-5.0.4.RELEASE.jar:5.0.4.RELEASE]
	at org.springframework.context.support.AbstractApplicationContext.refresh(AbstractApplicationContext.java:549) ~[spring-context-5.0.4.RELEASE.jar:5.0.4.RELEASE]
	at org.springframework.boot.SpringApplication.refresh(SpringApplication.java:752) ~[spring-boot-2.0.0.RELEASE.jar:2.0.0.RELEASE]
	at org.springframework.boot.SpringApplication.refreshContext(SpringApplication.java:388) ~[spring-boot-2.0.0.RELEASE.jar:2.0.0.RELEASE]
	at org.springframework.boot.SpringApplication.run(SpringApplication.java:327) ~[spring-boot-2.0.0.RELEASE.jar:2.0.0.RELEASE]
	at org.springframework.boot.test.context.SpringBootContextLoader.loadContext(SpringBootContextLoader.java:138) ~[spring-boot-test-2.0.0.RELEASE.jar:2.0.0.RELEASE]
	at org.springframework.test.context.cache.DefaultCacheAwareContextLoaderDelegate.loadContextInternal(DefaultCacheAwareContextLoaderDelegate.java:99) ~[spring-test-5.0.4.RELEASE.jar:5.0.4.RELEASE]
	at org.springframework.test.context.cache.DefaultCacheAwareContextLoaderDelegate.loadContext(DefaultCacheAwareContextLoaderDelegate.java:117) ~[spring-test-5.0.4.RELEASE.jar:5.0.4.RELEASE]
	... 48 common frames omitted
Caused by: org.springframework.beans.factory.NoSuchBeanDefinitionException: No qualifying bean of type 'com.pankal.service.MyService' available: expected at least 1 bean which qualifies as autowire candidate. Dependency annotations: {}
	at org.springframework.beans.factory.support.DefaultListableBeanFactory.raiseNoMatchingBeanFound(DefaultListableBeanFactory.java:1509) ~[spring-beans-5.0.4.RELEASE.jar:5.0.4.RELEASE]
	at org.springframework.beans.factory.support.DefaultListableBeanFactory.doResolveDependency(DefaultListableBeanFactory.java:1104) ~[spring-beans-5.0.4.RELEASE.jar:5.0.4.RELEASE]
	at org.springframework.beans.factory.support.DefaultListableBeanFactory.resolveDependency(DefaultListableBeanFactory.java:1065) ~[spring-beans-5.0.4.RELEASE.jar:5.0.4.RELEASE]
	at org.springframework.beans.factory.support.ConstructorResolver.resolveAutowiredArgument(ConstructorResolver.java:815) ~[spring-beans-5.0.4.RELEASE.jar:5.0.4.RELEASE]
	at org.springframework.beans.factory.support.ConstructorResolver.createArgumentArray(ConstructorResolver.java:721) ~[spring-beans-5.0.4.RELEASE.jar:5.0.4.RELEASE]
	... 66 common frames omitted

]]></system-out>
  <system-err><![CDATA[]]></system-err>
</testsuite>
